This is pdfTeX, Version 3.14159265-2.6-1.40.21 (TeX Live 2020) (preloaded format=pdflatex 2020.12.23)  30 DEC 2020 01:20
entering extended mode
 restricted \write18 enabled.
 %&-line parsing enabled.
**Archivo-samples.tex
(./Archivo-samples.tex
LaTeX2e <2020-10-01> patch level 2
L3 programming layer <2020-12-07> xparse <2020-03-03>
(/usr/local/texlive/2020/texmf-dist/tex/latex/base/article.cls
Document Class: article 2020/04/10 v1.4m Standard LaTeX document class
(/usr/local/texlive/2020/texmf-dist/tex/latex/base/size10.clo
File: size10.clo 2020/04/10 v1.4m Standard LaTeX file (size option)
)
\c@part=\count177
\c@section=\count178
\c@subsection=\count179
\c@subsubsection=\count180
\c@paragraph=\count181
\c@subparagraph=\count182
\c@figure=\count183
\c@table=\count184
\abovecaptionskip=\skip47
\belowcaptionskip=\skip48
\bibindent=\dimen138
)
(/usr/local/texlive/2020/texmf-dist/tex/latex/base/fontenc.sty
Package: fontenc 2020/08/10 v2.0s Standard LaTeX package
)
(../../../tex/latex/Archivo/Archivo.sty
Package: Archivo 2020/12/30 (Carl-Clemens Ebinger autoinst) Style file for Arch
ivZero fonts.

(/usr/local/texlive/2020/texmf-dist/tex/latex/xkeyval/xkeyval.sty
Package: xkeyval 2020/11/20 v2.8 package option processing (HA)

(/usr/local/texlive/2020/texmf-dist/tex/generic/xkeyval/xkeyval.tex
(/usr/local/texlive/2020/texmf-dist/tex/generic/xkeyval/xkvutils.tex
\XKV@toks=\toks15
\XKV@tempa@toks=\toks16

(/usr/local/texlive/2020/texmf-dist/tex/generic/xkeyval/keyval.tex))
\XKV@depth=\count185
File: xkeyval.tex 2014/12/03 v2.7a key=value parser (HA)
))
(/usr/local/texlive/2020/texmf-dist/tex/latex/base/fontenc.sty
Package: fontenc 2020/08/10 v2.0s Standard LaTeX package
)
(/usr/local/texlive/2020/texmf-dist/tex/latex/base/textcomp.sty
Package: textcomp 2020/02/02 v2.0n Standard LaTeX package
)
(/usr/local/texlive/2020/texmf-dist/tex/latex/base/ifthen.sty
Package: ifthen 2014/09/29 v1.1c Standard LaTeX ifthen package (DPC)
)
(/usr/local/texlive/2020/texmf-dist/tex/latex/fontaxes/fontaxes.sty
Package: fontaxes 2020/07/21 v1.0e Font selection axes
LaTeX Info: Redefining \upshape on input line 29.
LaTeX Info: Redefining \itshape on input line 31.
LaTeX Info: Redefining \slshape on input line 33.
LaTeX Info: Redefining \swshape on input line 35.
LaTeX Info: Redefining \scshape on input line 37.
LaTeX Info: Redefining \sscshape on input line 39.
LaTeX Info: Redefining \ulcshape on input line 41.
LaTeX Info: Redefining \textsw on input line 47.
LaTeX Info: Redefining \textssc on input line 48.
LaTeX Info: Redefining \textulc on input line 49.
))
(/usr/local/texlive/2020/texmf-dist/tex/latex/lipsum/lipsum.sty
(/usr/local/texlive/2020/texmf-dist/tex/latex/l3kernel/expl3.sty
Package: expl3 2020-12-07 L3 programming layer (loader) 

(/usr/local/texlive/2020/texmf-dist/tex/latex/l3backend/l3backend-pdftex.def
File: l3backend-pdftex.def 2020-09-24 L3 backend support: PDF output (pdfTeX)
\l__kernel_color_stack_int=\count186
\l__pdf_internal_box=\box47
))
(/usr/local/texlive/2020/texmf-dist/tex/latex/l3packages/xparse/xparse.sty
Package: xparse 2020-10-27 L3 Experimental document command parser

(/usr/local/texlive/2020/texmf-dist/tex/latex/l3packages/xparse/xparse-generic.
tex))
Package: lipsum 2019/01/02 v2.2 150 paragraphs of Lorem Ipsum dummy text
 (/usr/local/texlive/2020/texmf-dist/tex/latex/lipsum/lipsum.ltd.tex
File: lipsum.ltd.tex 2019/01/02 v2.2 The Lorem ipsum dummy text
))
LaTeX Font Info:    Trying to load font information for T1+ArchivZero-OsF on in
put line 5.

(../../../tex/latex/Archivo/T1ArchivZero-OsF.fd
File: T1ArchivZero-OsF.fd 2020/12/30 (autoinst) Font definitions for T1/ArchivZ
ero-OsF.
)
LaTeX Font Info:    Font shape `T1/ArchivZero-OsF/m/n' will be
(Font)              scaled to size 10.0pt on input line 5.
 (./Archivo-samples.aux)
\openout1 = `Archivo-samples.aux'.

LaTeX Font Info:    Checking defaults for OML/cmm/m/it on input line 5.
LaTeX Font Info:    ... okay on input line 5.
LaTeX Font Info:    Checking defaults for OMS/cmsy/m/n on input line 5.
LaTeX Font Info:    ... okay on input line 5.
LaTeX Font Info:    Checking defaults for OT1/cmr/m/n on input line 5.
LaTeX Font Info:    ... okay on input line 5.
LaTeX Font Info:    Checking defaults for T1/cmr/m/n on input line 5.
LaTeX Font Info:    ... okay on input line 5.
LaTeX Font Info:    Checking defaults for TS1/cmr/m/n on input line 5.
LaTeX Font Info:    ... okay on input line 5.
LaTeX Font Info:    Checking defaults for OMX/cmex/m/n on input line 5.
LaTeX Font Info:    ... okay on input line 5.
LaTeX Font Info:    Checking defaults for U/cmr/m/n on input line 5.
LaTeX Font Info:    ... okay on input line 5.
\c@mv@tabular=\count187
\c@mv@boldtabular=\count188
LaTeX Font Info:    Font shape `T1/ArchivZero-OsF/m/n' will be
(Font)              scaled to size 12.0pt on input line 7.
LaTeX Font Info:    Font shape `T1/ArchivZero-OsF/b/n' will be
(Font)              scaled to size 12.0pt on input line 7.
LaTeX Font Info:    Font shape `T1/ArchivZero-OsF/b/n' will be
(Font)              scaled to size 10.0pt on input line 13.
LaTeX Font Info:    Font shape `T1/ArchivZero-OsF/m/it' will be
(Font)              scaled to size 10.0pt on input line 17.

[1

{/home/carl-clemens/.texlive2020/texmf-var/fonts/map/pdftex/updmap/pdftex.map}]
LaTeX Font Info:    Font shape `T1/ArchivZero-OsF/sb/n' will be
(Font)              scaled to size 10.0pt on input line 23.
 [2] (./Archivo-samples.aux) ) 
Here is how much of TeX's memory you used:
 1356 strings out of 479382
 24763 string characters out of 5869354
 553511 words of memory out of 5000000
 18491 multiletter control sequences out of 15000+600000
 414767 words of font info for 39 fonts, out of 8000000 for 9000
 1141 hyphenation exceptions out of 8191
 64i,4n,73p,221b,121s stack positions out of 5000i,500n,10000p,200000b,80000s
{../../../fonts/enc/dvips/Archivo/a_utd4ik.enc}<.
./../../fonts/type1/public/Archivo/Archiv0-Bold.pfb><../../../fonts/type1/publi
c/Archivo/Archiv0-Italic.pfb><../../../fonts/type1/public/Archivo/Archiv0-Regul
ar.pfb><../../../fonts/type1/public/Archivo/Archiv0-SemiBold.pfb>
Output written on Archivo-samples.pdf (2 pages, 75882 bytes).
PDF statistics:
 28 PDF objects out of 1000 (max. 8388607)
 19 compressed objects within 1 object stream
 0 named destinations out of 1000 (max. 500000)
 1 words of extra memory for PDF output out of 10000 (max. 10000000)

